COMPUTE TF-IDF SCORES:
Loading corpus from  duc05tokenized/...
Loading corpus from  duc06tokenized/...
Loading corpus from  duc07tokenized/...
Loading corpus from  duc05tokenized/...
Loading corpus from  duc06tokenized/...
Loading corpus from  duc07tokenized/...
LOAD DOCUMENTS:
Loading corpus from  duc06tokenized/...
DONE!
CREATING FILES...
DONE!
GENERATE SUMMARIES:
INFO:tensorflow:Starting seq2seq_attention in decode mode...
INFO:tensorflow:Building graph...
INFO:tensorflow:The example generator for this example queue filling thread has exhausted data.
INFO:tensorflow:single_pass mode is on, so we've finished reading dataset. This thread is stopping.
INFO:tensorflow:Adding attention_decoder timestep 0 of 1
INFO:tensorflow:Time to build graph: 0 seconds
2019-01-30 13:27:55.514104: W tensorflow/core/platform/cpu_feature_guard.cc:45] The TensorFlow library wasn't compiled to use SSE4.1 instructions, but these are available on your machine and could speed up CPU computations.
2019-01-30 13:27:55.514128: W tensorflow/core/platform/cpu_feature_guard.cc:45] The TensorFlow library wasn't compiled to use SSE4.2 instructions, but these are available on your machine and could speed up CPU computations.
2019-01-30 13:27:55.514134: W tensorflow/core/platform/cpu_feature_guard.cc:45] The TensorFlow library wasn't compiled to use AVX instructions, but these are available on your machine and could speed up CPU computations.
2019-01-30 13:27:55.514138: W tensorflow/core/platform/cpu_feature_guard.cc:45] The TensorFlow library wasn't compiled to use AVX2 instructions, but these are available on your machine and could speed up CPU computations.
2019-01-30 13:27:55.514141: W tensorflow/core/platform/cpu_feature_guard.cc:45] The TensorFlow library wasn't compiled to use FMA instructions, but these are available on your machine and could speed up CPU computations.
2019-01-30 13:27:55.882644: I tensorflow/stream_executor/cuda/cuda_gpu_executor.cc:893] successful NUMA node read from SysFS had negative value (-1), but there must be at least one NUMA node, so returning NUMA node zero
2019-01-30 13:27:55.883008: I tensorflow/core/common_runtime/gpu/gpu_device.cc:940] Found device 0 with properties: 
name: GeForce GTX 1080 Ti
major: 6 minor: 1 memoryClockRate (GHz) 1.6705
pciBusID 0000:01:00.0
Total memory: 10.92GiB
Free memory: 10.76GiB
2019-01-30 13:27:55.883022: I tensorflow/core/common_runtime/gpu/gpu_device.cc:961] DMA: 0 
2019-01-30 13:27:55.883027: I tensorflow/core/common_runtime/gpu/gpu_device.cc:971] 0:   Y 
2019-01-30 13:27:55.883036: I tensorflow/core/common_runtime/gpu/gpu_device.cc:1030] Creating TensorFlow device (/gpu:0) -> (device: 0, name: GeForce GTX 1080 Ti, pci bus id: 0000:01:00.0)
INFO:tensorflow:Loading checkpoint log/myexperiment/train/model-238410
INFO:tensorflow:Restoring parameters from log/myexperiment/train/model-238410
INFO:tensorflow:Wrote example 0 to file
INFO:tensorflow:Wrote example 1 to file
INFO:tensorflow:Wrote example 2 to file
INFO:tensorflow:Wrote example 3 to file
INFO:tensorflow:Wrote example 4 to file
INFO:tensorflow:Wrote example 5 to file
INFO:tensorflow:Wrote example 6 to file
INFO:tensorflow:Wrote example 7 to file
INFO:tensorflow:Wrote example 8 to file
INFO:tensorflow:Wrote example 9 to file
INFO:tensorflow:Wrote example 10 to file
INFO:tensorflow:Wrote example 11 to file
INFO:tensorflow:Wrote example 12 to file
INFO:tensorflow:Wrote example 13 to file
INFO:tensorflow:Wrote example 14 to file
INFO:tensorflow:Wrote example 15 to file
INFO:tensorflow:Wrote example 16 to file
INFO:tensorflow:Wrote example 17 to file
INFO:tensorflow:Wrote example 18 to file
2019-01-30 13:30:05.883977: I tensorflow/core/common_runtime/gpu/pool_allocator.cc:247] PoolAllocator: After 456660 get requests, put_count=456613 evicted_count=1000 eviction_rate=0.00219004 and unsatisfied allocation rate=0.00251172
2019-01-30 13:30:05.884016: I tensorflow/core/common_runtime/gpu/pool_allocator.cc:259] Raising pool_size_limit_ from 100 to 110
INFO:tensorflow:Wrote example 19 to file
INFO:tensorflow:Wrote example 20 to file
INFO:tensorflow:Wrote example 21 to file
INFO:tensorflow:Wrote example 22 to file
INFO:tensorflow:Wrote example 23 to file
INFO:tensorflow:Wrote example 24 to file
INFO:tensorflow:Wrote example 25 to file
INFO:tensorflow:Wrote example 26 to file
INFO:tensorflow:Wrote example 27 to file
INFO:tensorflow:Wrote example 28 to file
INFO:tensorflow:Wrote example 29 to file
INFO:tensorflow:Wrote example 30 to file
INFO:tensorflow:Wrote example 31 to file
INFO:tensorflow:Wrote example 32 to file
INFO:tensorflow:Wrote example 33 to file
INFO:tensorflow:Wrote example 34 to file
INFO:tensorflow:Wrote example 35 to file
INFO:tensorflow:Wrote example 36 to file
INFO:tensorflow:Wrote example 37 to file
INFO:tensorflow:Wrote example 38 to file
INFO:tensorflow:Wrote example 39 to file
INFO:tensorflow:Wrote example 40 to file
INFO:tensorflow:Wrote example 41 to file
INFO:tensorflow:Wrote example 42 to file
INFO:tensorflow:Wrote example 43 to file
INFO:tensorflow:Wrote example 44 to file
INFO:tensorflow:Wrote example 45 to file
INFO:tensorflow:Wrote example 46 to file
INFO:tensorflow:Wrote example 47 to file
INFO:tensorflow:Wrote example 48 to file
INFO:tensorflow:Wrote example 49 to file
WARNING:tensorflow:Bucket input queue is empty when calling next_batch. Bucket queue size: 0, Input queue size: 0
INFO:tensorflow:Finished reading dataset in single_pass mode.
INFO:tensorflow:Decoder has finished reading dataset for single_pass.
INFO:tensorflow:Output has been saved in log/myexperiment/decode_test_4000maxenc_4beam_35mindec_100maxdec_ckpt-238410/reference and log/myexperiment/decode_test_4000maxenc_4beam_35mindec_100maxdec_ckpt-238410/decoded. Now starting ROUGE eval...
max_size of vocab was specified as 50000; we now have 50000 words. Stopping reading.
Finished constructing vocabulary of 50000 total words. Last word added: chaudhary
read!!!
read!!!
read!!!
read!!!
read!!!
read!!!
read!!!
read!!!
read!!!
read!!!
read!!!
read!!!
read!!!
read!!!
read!!!
read!!!
read!!!
read!!!
read!!!
read!!!
read!!!
read!!!
read!!!
read!!!
read!!!
read!!!
read!!!
read!!!
read!!!
read!!!
read!!!
read!!!
read!!!
read!!!
read!!!
read!!!
read!!!
read!!!
read!!!
read!!!
read!!!
read!!!
read!!!
read!!!
read!!!
read!!!
read!!!
read!!!
read!!!
read!!!
example_generator completed reading all datafiles. No more data.
DONE!
READING SUMMARIES FROM FILE...
DONE!
EVALUATE SUMMARIES:
Evaluating eval/dec/...
DONE!
